[2019-12-10 17:42:58.304] [renderer1] [error] Error: [File Watcher (chokidar)] Inotify limit reached (ENOSPC)
[2019-12-10 17:42:58.453] [renderer1] [error] [File Watcher (chokidar)] Inotify limit reached (ENOSPC)
[2019-12-10 17:43:38.418] [renderer1] [error] File not found (/out-tsc/src/app/models/categorias.js): Error: File not found (/out-tsc/src/app/models/categorias.js)
    at S.resolve (file:///usr/share/code/resources/app/out/vs/workbench/workbench.desktop.main.js:1555:706)
[2019-12-10 17:43:38.419] [renderer1] [error] File not found (/4d64d4f0-25a0-4e51-92b0-a40d56a32e11): Error: File not found (/4d64d4f0-25a0-4e51-92b0-a40d56a32e11)
    at S.resolve (file:///usr/share/code/resources/app/out/vs/workbench/workbench.desktop.main.js:1555:706)
[2019-12-10 17:43:38.419] [renderer1] [error] File not found (/out-tsc/src/app/models/categorias.js): Error: File not found (/out-tsc/src/app/models/categorias.js)
    at S.resolve (file:///usr/share/code/resources/app/out/vs/workbench/workbench.desktop.main.js:1555:706)
[2019-12-10 17:43:38.420] [renderer1] [error] File not found (/4d64d4f0-25a0-4e51-92b0-a40d56a32e11): Error: File not found (/4d64d4f0-25a0-4e51-92b0-a40d56a32e11)
    at S.resolve (file:///usr/share/code/resources/app/out/vs/workbench/workbench.desktop.main.js:1555:706)
[2019-12-10 17:43:38.459] [renderer1] [error] File not found (/out-tsc/src/app/models/categorias.js): Error: File not found (/out-tsc/src/app/models/categorias.js)
    at S.resolve (file:///usr/share/code/resources/app/out/vs/workbench/workbench.desktop.main.js:1555:706)
[2019-12-10 17:43:38.460] [renderer1] [error] File not found (/4d64d4f0-25a0-4e51-92b0-a40d56a32e11): Error: File not found (/4d64d4f0-25a0-4e51-92b0-a40d56a32e11)
    at S.resolve (file:///usr/share/code/resources/app/out/vs/workbench/workbench.desktop.main.js:1555:706)
[2019-12-10 17:43:38.460] [renderer1] [error] File not found (/ionic/aula3/loja/dist/out-tsc/src/app/models/categorias.js): Error: File not found (/ionic/aula3/loja/dist/out-tsc/src/app/models/categorias.js)
    at S.resolve (file:///usr/share/code/resources/app/out/vs/workbench/workbench.desktop.main.js:1555:706)
[2019-12-10 17:43:38.460] [renderer1] [error] File not found (/modules/cjs/loader.js): Error: File not found (/modules/cjs/loader.js)
    at S.resolve (file:///usr/share/code/resources/app/out/vs/workbench/workbench.desktop.main.js:1555:706)
[2019-12-10 17:43:38.460] [renderer1] [error] File not found (/main/run_main_module.js): Error: File not found (/main/run_main_module.js)
    at S.resolve (file:///usr/share/code/resources/app/out/vs/workbench/workbench.desktop.main.js:1555:706)
[2019-12-10 17:43:38.460] [renderer1] [error] File not found (/out-tsc/src/app/models/categorias.js): Error: File not found (/out-tsc/src/app/models/categorias.js)
    at S.resolve (file:///usr/share/code/resources/app/out/vs/workbench/workbench.desktop.main.js:1555:706)
[2019-12-10 17:43:38.460] [renderer1] [error] File not found (/4d64d4f0-25a0-4e51-92b0-a40d56a32e11): Error: File not found (/4d64d4f0-25a0-4e51-92b0-a40d56a32e11)
    at S.resolve (file:///usr/share/code/resources/app/out/vs/workbench/workbench.desktop.main.js:1555:706)
[2019-12-10 17:43:38.460] [renderer1] [error] File not found (/ionic/aula3/loja/dist/out-tsc/src/app/models/categorias.js): Error: File not found (/ionic/aula3/loja/dist/out-tsc/src/app/models/categorias.js)
    at S.resolve (file:///usr/share/code/resources/app/out/vs/workbench/workbench.desktop.main.js:1555:706)
[2019-12-10 17:43:38.460] [renderer1] [error] File not found (/modules/cjs/loader.js): Error: File not found (/modules/cjs/loader.js)
    at S.resolve (file:///usr/share/code/resources/app/out/vs/workbench/workbench.desktop.main.js:1555:706)
[2019-12-10 17:43:38.461] [renderer1] [error] File not found (/main/run_main_module.js): Error: File not found (/main/run_main_module.js)
    at S.resolve (file:///usr/share/code/resources/app/out/vs/workbench/workbench.desktop.main.js:1555:706)
[2019-12-10 17:43:38.914] [renderer1] [error] timeout after 500 ms: Error: timeout after 500 ms
    at t.RawDebugSession.handleErrorResponse (file:///usr/share/code/resources/app/out/vs/workbench/workbench.desktop.main.js:2798:1003)
    at file:///usr/share/code/resources/app/out/vs/workbench/workbench.desktop.main.js:2798:434
    at async t.RawDebugSession.shutdown (file:///usr/share/code/resources/app/out/vs/workbench/workbench.desktop.main.js:2796:536)
    at async file:///usr/share/code/resources/app/out/vs/workbench/workbench.desktop.main.js:5182:409
[2019-12-10 18:20:28.590] [renderer1] [error] Cannot call write after a stream was destroyed: Error [ERR_STREAM_DESTROYED]: Cannot call write after a stream was destroyed
	at doWrite (_stream_writable.js:413:19)
	at writeOrBuffer (_stream_writable.js:401:5)
	at Socket.Writable.write (_stream_writable.js:301:11)
	at l.write (/usr/share/code/resources/app/extensions/typescript-language-features/dist/extension.js:53:53742)
	at h.write (/usr/share/code/resources/app/extensions/typescript-language-features/dist/extension.js:53:55373)
	at h.sendRequest (/usr/share/code/resources/app/extensions/typescript-language-features/dist/extension.js:53:57811)
	at h.sendNextRequests (/usr/share/code/resources/app/extensions/typescript-language-features/dist/extension.js:53:57592)
	at h.executeImpl (/usr/share/code/resources/app/extensions/typescript-language-features/dist/extension.js:53:57439)
	at p.executeImpl (/usr/share/code/resources/app/extensions/typescript-language-features/dist/extension.js:53:59117)
	at C.executeImpl (/usr/share/code/resources/app/extensions/typescript-language-features/dist/extension.js:1:182259)
	at C.execute (/usr/share/code/resources/app/extensions/typescript-language-features/dist/extension.js:1:181776)
	at /usr/share/code/resources/app/extensions/typescript-language-features/dist/extension.js:1:142126
	at t.CachedResponse.reset (/usr/share/code/resources/app/extensions/typescript-language-features/dist/extension.js:1:125936)
	at t.CachedResponse.execute (/usr/share/code/resources/app/extensions/typescript-language-features/dist/extension.js:1:125756)
	at a.provideDocumentSymbols (/usr/share/code/resources/app/extensions/typescript-language-features/dist/extension.js:1:142100)
	at /usr/share/code/resources/app/out/vs/workbench/services/extensions/node/extensionHostProcess.js:559:323
	at /usr/share/code/resources/app/out/vs/workbench/services/extensions/node/extensionHostProcess.js:52:363
	at new Promise (<anonymous>)
	at Object.t.asPromise (/usr/share/code/resources/app/out/vs/workbench/services/extensions/node/extensionHostProcess.js:52:335)
	at provideDocumentSymbols (/usr/share/code/resources/app/out/vs/workbench/services/extensions/node/extensionHostProcess.js:559:294)
	at /usr/share/code/resources/app/out/vs/workbench/services/extensions/node/extensionHostProcess.js:577:725
	at H._withAdapter (/usr/share/code/resources/app/out/vs/workbench/services/extensions/node/extensionHostProcess.js:576:901)
	at H.$provideDocumentSymbols (/usr/share/code/resources/app/out/vs/workbench/services/extensions/node/extensionHostProcess.js:577:703)
	at f._doInvokeHandler (/usr/share/code/resources/app/out/vs/workbench/services/extensions/node/extensionHostProcess.js:646:285)
	at f._invokeHandler (/usr/share/code/resources/app/out/vs/workbench/services/extensions/node/extensionHostProcess.js:645:999)
	at f._receiveRequest (/usr/share/code/resources/app/out/vs/workbench/services/extensions/node/extensionHostProcess.js:644:613)
	at f._receiveOneMessage (/usr/share/code/resources/app/out/vs/workbench/services/extensions/node/extensionHostProcess.js:643:477)
	at /usr/share/code/resources/app/out/vs/workbench/services/extensions/node/extensionHostProcess.js:641:754
	at l.fire (/usr/share/code/resources/app/out/vs/workbench/services/extensions/node/extensionHostProcess.js:47:207)
	at _.fire (/usr/share/code/resources/app/out/vs/workbench/services/extensions/node/extensionHostProcess.js:187:274)
	at /usr/share/code/resources/app/out/vs/workbench/services/extensions/node/extensionHostProcess.js:798:104
	at l.fire (/usr/share/code/resources/app/out/vs/workbench/services/extensions/node/extensionHostProcess.js:47:207)
	at _.fire (/usr/share/code/resources/app/out/vs/workbench/services/extensions/node/extensionHostProcess.js:187:274)
	at t.PersistentProtocol._receiveMessage (/usr/share/code/resources/app/out/vs/workbench/services/extensions/node/extensionHostProcess.js:191:629)
	at /usr/share/code/resources/app/out/vs/workbench/services/extensions/node/extensionHostProcess.js:188:824
	at l.fire (/usr/share/code/resources/app/out/vs/workbench/services/extensions/node/extensionHostProcess.js:47:207)
	at f.acceptChunk (/usr/share/code/resources/app/out/vs/workbench/services/extensions/node/extensionHostProcess.js:184:737)
	at /usr/share/code/resources/app/out/vs/workbench/services/extensions/node/extensionHostProcess.js:184:89
	at Socket.t (/usr/share/code/resources/app/out/vs/workbench/services/extensions/node/extensionHostProcess.js:193:68)
	at Socket.emit (events.js:200:13)
	at addChunk (_stream_readable.js:294:12)
	at readableAddChunk (_stream_readable.js:275:11)
	at Socket.Readable.push (_stream_readable.js:210:10)
	at Pipe.onStreamRead (internal/stream_base_commons.js:166:17)
[2019-12-10 18:20:28.725] [renderer1] [error] Cannot call write after a stream was destroyed: Error [ERR_STREAM_DESTROYED]: Cannot call write after a stream was destroyed
	at doWrite (_stream_writable.js:413:19)
	at writeOrBuffer (_stream_writable.js:401:5)
	at Socket.Writable.write (_stream_writable.js:301:11)
	at l.write (/usr/share/code/resources/app/extensions/typescript-language-features/dist/extension.js:53:53742)
	at h.write (/usr/share/code/resources/app/extensions/typescript-language-features/dist/extension.js:53:55373)
	at h.sendRequest (/usr/share/code/resources/app/extensions/typescript-language-features/dist/extension.js:53:57811)
	at h.sendNextRequests (/usr/share/code/resources/app/extensions/typescript-language-features/dist/extension.js:53:57592)
	at h.executeImpl (/usr/share/code/resources/app/extensions/typescript-language-features/dist/extension.js:53:57439)
	at p.executeImpl (/usr/share/code/resources/app/extensions/typescript-language-features/dist/extension.js:53:59117)
	at C.executeImpl (/usr/share/code/resources/app/extensions/typescript-language-features/dist/extension.js:1:182259)
	at C.execute (/usr/share/code/resources/app/extensions/typescript-language-features/dist/extension.js:1:181776)
	at a.provideFoldingRanges (/usr/share/code/resources/app/extensions/typescript-language-features/dist/extension.js:1:143154)
	at /usr/share/code/resources/app/out/vs/workbench/services/extensions/node/extensionHostProcess.js:573:686
	at /usr/share/code/resources/app/out/vs/workbench/services/extensions/node/extensionHostProcess.js:52:363
	at new Promise (<anonymous>)
	at Object.t.asPromise (/usr/share/code/resources/app/out/vs/workbench/services/extensions/node/extensionHostProcess.js:52:335)
	at M.provideFoldingRanges (/usr/share/code/resources/app/out/vs/workbench/services/extensions/node/extensionHostProcess.js:573:657)
	at /usr/share/code/resources/app/out/vs/workbench/services/extensions/node/extensionHostProcess.js:585:747
	at H._withAdapter (/usr/share/code/resources/app/out/vs/workbench/services/extensions/node/extensionHostProcess.js:576:901)
	at H.$provideFoldingRanges (/usr/share/code/resources/app/out/vs/workbench/services/extensions/node/extensionHostProcess.js:585:725)
	at f._doInvokeHandler (/usr/share/code/resources/app/out/vs/workbench/services/extensions/node/extensionHostProcess.js:646:285)
	at f._invokeHandler (/usr/share/code/resources/app/out/vs/workbench/services/extensions/node/extensionHostProcess.js:645:999)
	at f._receiveRequest (/usr/share/code/resources/app/out/vs/workbench/services/extensions/node/extensionHostProcess.js:644:613)
	at f._receiveOneMessage (/usr/share/code/resources/app/out/vs/workbench/services/extensions/node/extensionHostProcess.js:643:477)
	at /usr/share/code/resources/app/out/vs/workbench/services/extensions/node/extensionHostProcess.js:641:754
	at l.fire (/usr/share/code/resources/app/out/vs/workbench/services/extensions/node/extensionHostProcess.js:47:207)
	at _.fire (/usr/share/code/resources/app/out/vs/workbench/services/extensions/node/extensionHostProcess.js:187:274)
	at /usr/share/code/resources/app/out/vs/workbench/services/extensions/node/extensionHostProcess.js:798:104
	at l.fire (/usr/share/code/resources/app/out/vs/workbench/services/extensions/node/extensionHostProcess.js:47:207)
	at _.fire (/usr/share/code/resources/app/out/vs/workbench/services/extensions/node/extensionHostProcess.js:187:274)
	at t.PersistentProtocol._receiveMessage (/usr/share/code/resources/app/out/vs/workbench/services/extensions/node/extensionHostProcess.js:191:629)
	at /usr/share/code/resources/app/out/vs/workbench/services/extensions/node/extensionHostProcess.js:188:824
	at l.fire (/usr/share/code/resources/app/out/vs/workbench/services/extensions/node/extensionHostProcess.js:47:207)
	at f.acceptChunk (/usr/share/code/resources/app/out/vs/workbench/services/extensions/node/extensionHostProcess.js:184:737)
	at /usr/share/code/resources/app/out/vs/workbench/services/extensions/node/extensionHostProcess.js:184:89
	at Socket.t (/usr/share/code/resources/app/out/vs/workbench/services/extensions/node/extensionHostProcess.js:193:68)
	at Socket.emit (events.js:200:13)
	at addChunk (_stream_readable.js:294:12)
	at readableAddChunk (_stream_readable.js:275:11)
	at Socket.Readable.push (_stream_readable.js:210:10)
	at Pipe.onStreamRead (internal/stream_base_commons.js:166:17)
